Building DAG of jobs...
Using shell: /bin/bash
Provided cores: 1 (use --cores to define parallelism)
Rules claiming more threads will be scaled down.
Job stats:
job       count
------  -------
all           1
fastQC        1
total         2

Select jobs to execute...

[Tue Jun 17 15:58:33 2025]
rule fastQC:
    input: /Users/johnoconnor/MetaEuk_Remote/output/repaired/ZIM089_repaired.R1.fastq, /Users/johnoconnor/MetaEuk_Remote/output/repaired/ZIM089_repaired.R2.fastq
    output: /Users/johnoconnor/MetaEuk_Remote/output/FASTQC_reports/ZIM089
    jobid: 6
    reason: Missing output files: /Users/johnoconnor/MetaEuk_Remote/output/FASTQC_reports/ZIM089
    wildcards: subject=ZIM089
    resources: tmpdir=/var/folders/df/m5cp_wp54tb2x8wpp1lp1vv00000gp/T

Activating conda environment: .snakemake/conda/cad4ddbe011b494c5e87b0bc1c9616f6_
ImproperOutputException in rule fastQC in file /Users/johnoconnor/MetaEuk/Snakefile, line 135:
Outputs of incorrect type (directories when expecting files or vice versa). Output directories must be flagged with directory(). for rule fastQC:
    output: /Users/johnoconnor/MetaEuk_Remote/output/FASTQC_reports/ZIM089
    wildcards: subject=ZIM089
    affected files:
        /Users/johnoconnor/MetaEuk_Remote/output/FASTQC_reports/ZIM089
Removing output files of failed job fastQC since they might be corrupted:
/Users/johnoconnor/MetaEuk_Remote/output/FASTQC_reports/ZIM089
[Errno 66] Directory not empty: '/Users/johnoconnor/MetaEuk_Remote/output/FASTQC_reports/ZIM089'
Shutting down, this might take some time.
Exiting because a job execution failed. Look above for error message
Complete log: .snakemake/log/2025-06-17T155831.809546.snakemake.log
