The flag 'directory' used in rule multiQC is only valid for outputs, not inputs.
Building DAG of jobs...
Using shell: /bin/bash
Provided cores: 1 (use --cores to define parallelism)
Rules claiming more threads will be scaled down.
Job stats:
job        count
-------  -------
all            1
multiQC        1
total          2

Select jobs to execute...

[Wed Jun 18 16:05:35 2025]
rule multiQC:
    input: /Users/johnoconnor/MetaEuk_Remote/output/FastQC_reports
    output: /Users/johnoconnor/MetaEuk_Remote/output/FASTQC_reports/multiqc_report.html
    jobid: 7
    reason: Missing output files: /Users/johnoconnor/MetaEuk_Remote/output/FASTQC_reports/multiqc_report.html
    resources: tmpdir=/var/folders/df/m5cp_wp54tb2x8wpp1lp1vv00000gp/T

Activating conda environment: .snakemake/conda/cad4ddbe011b494c5e87b0bc1c9616f6_
[Wed Jun 18 16:05:39 2025]
Error in rule multiQC:
    jobid: 7
    input: /Users/johnoconnor/MetaEuk_Remote/output/FastQC_reports
    output: /Users/johnoconnor/MetaEuk_Remote/output/FASTQC_reports/multiqc_report.html
    conda-env: /Users/johnoconnor/MetaEuk/.snakemake/conda/cad4ddbe011b494c5e87b0bc1c9616f6_
    shell:
        
        multiqc /Users/johnoconnor/MetaEuk_Remote/output/FastQC_reports \ 
                --outdir /Users/johnoconnor/MetaEuk_Remote/output/FastQC_reports \ 
                --filename /Users/johnoconnor/MetaEuk_Remote/output/FASTQC_reports/multiqc_report.html \ 
                --dirs-depth 2
        
        (one of the commands exited with non-zero exit code; note that snakemake uses bash strict mode!)

Shutting down, this might take some time.
Exiting because a job execution failed. Look above for error message
Complete log: .snakemake/log/2025-06-18T160534.346533.snakemake.log
